[11-Dec-2016 13:31:07 UTC] PHP Fatal error:  Class 'App\Http\MailControllers\Controller' not found in /home/ubuntu/workspace/app/Http/Controllers/MailController.php on line 9
[11-Dec-2016 13:31:23 UTC] PHP Fatal error:  Class 'App\Http\MailControllers\Controller' not found in /home/ubuntu/workspace/app/Http/Controllers/MailController.php on line 9
[11-Dec-2016 13:32:36 UTC] PHP Fatal error:  Class 'App\Http\Controllers\MailController\Controller' not found in /home/ubuntu/workspace/app/Http/Controllers/MailController.php on line 9
[11-Dec-2016 13:32:39 UTC] PHP Fatal error:  Class 'App\Http\Controllers\MailController\Controller' not found in /home/ubuntu/workspace/app/Http/Controllers/MailController.php on line 9
[11-Dec-2016 13:32:41 UTC] PHP Fatal error:  Class 'App\Http\Controllers\MailController\Controller' not found in /home/ubuntu/workspace/app/Http/Controllers/MailController.php on line 9
[11-Dec-2016 13:33:39 UTC] PHP Fatal error:  Class 'App\Http\Controllers\MailController\Controller' not found in /home/ubuntu/workspace/app/Http/Controllers/MailController.php on line 9
[11-Dec-2016 13:33:41 UTC] PHP Fatal error:  Class 'App\Http\Controllers\MailController\Controller' not found in /home/ubuntu/workspace/app/Http/Controllers/MailController.php on line 9
[11-Dec-2016 13:33:44 UTC] PHP Fatal error:  Class 'App\Http\Controllers\MailController\Controller' not found in /home/ubuntu/workspace/app/Http/Controllers/MailController.php on line 9
[11-Dec-2016 13:33:52 UTC] PHP Fatal error:  Class 'App\Http\Controllers\MailController\Controller' not found in /home/ubuntu/workspace/app/Http/Controllers/MailController.php on line 9
[11-Dec-2016 13:34:26 UTC] PHP Fatal error:  Class 'App\Http\Controllers\MailController\Controller' not found in /home/ubuntu/workspace/app/Http/Controllers/MailController.php on line 9
[11-Dec-2016 13:34:27 UTC] PHP Fatal error:  Class 'App\Http\Controllers\MailController\Controller' not found in /home/ubuntu/workspace/app/Http/Controllers/MailController.php on line 9
[11-Dec-2016 13:34:28 UTC] PHP Fatal error:  Class 'App\Http\Controllers\MailController\Controller' not found in /home/ubuntu/workspace/app/Http/Controllers/MailController.php on line 9
[11-Dec-2016 13:34:28 UTC] PHP Fatal error:  Class 'App\Http\Controllers\MailController\Controller' not found in /home/ubuntu/workspace/app/Http/Controllers/MailController.php on line 9
[11-Dec-2016 13:34:28 UTC] PHP Fatal error:  Class 'App\Http\Controllers\MailController\Controller' not found in /home/ubuntu/workspace/app/Http/Controllers/MailController.php on line 9
[11-Dec-2016 13:34:29 UTC] PHP Fatal error:  Class 'App\Http\Controllers\MailController\Controller' not found in /home/ubuntu/workspace/app/Http/Controllers/MailController.php on line 9
[11-Dec-2016 13:34:29 UTC] PHP Fatal error:  Class 'App\Http\Controllers\MailController\Controller' not found in /home/ubuntu/workspace/app/Http/Controllers/MailController.php on line 9
[11-Dec-2016 13:35:40 UTC] PHP Fatal error:  Class 'App\Http\Controllers\MailController\Controller' not found in /home/ubuntu/workspace/app/Http/Controllers/MailController.php on line 9
[11-Dec-2016 13:39:19 UTC] PHP Fatal error:  Class 'App\Http\Controllers\MailController\Controller' not found in /home/ubuntu/workspace/app/Http/Controllers/MailController.php on line 9
[11-Dec-2016 13:40:36 UTC] PHP Fatal error:  Class 'App\Http\Controllers\MailController\Controller' not found in /home/ubuntu/workspace/app/Http/Controllers/MailController.php on line 9
[11-Dec-2016 13:41:21 UTC] PHP Fatal error:  Class 'app\Http\Controllers\MailController\Controller' not found in /home/ubuntu/workspace/app/Http/Controllers/MailController.php on line 9
[11-Dec-2016 13:41:23 UTC] PHP Fatal error:  Class 'app\Http\Controllers\MailController\Controller' not found in /home/ubuntu/workspace/app/Http/Controllers/MailController.php on line 9
[14-Dec-2016 11:59:58 UTC] PHP Parse error:  syntax error, unexpected public (T_PUBLIC), expecting end of file in /home/ubuntu/workspace/app/Exceptions/Handler.php on line 68
[14-Dec-2016 11:59:58 UTC] PHP Fatal error:  Exception thrown without a stack frame in Unknown on line 0
[14-Dec-2016 12:00:01 UTC] PHP Parse error:  syntax error, unexpected public (T_PUBLIC), expecting end of file in /home/ubuntu/workspace/app/Exceptions/Handler.php on line 68
[14-Dec-2016 12:00:01 UTC] PHP Fatal error:  Exception thrown without a stack frame in Unknown on line 0
